<?xml version="1.0" encoding="UTF-8"?>
<!-- Generated by org.testng.reporters.JUnitReportReporter -->
<testsuite hostname="CSCINDAE717559" name="testCases.Framework_001" tests="1" failures="0" timestamp="29 Aug 2016 08:43:09 GMT" time="118.320" errors="0">
  <testcase name="main" time="118.320" classname="testCases.Framework_001"/>
</testsuite> <!-- testCases.Framework_001 -->
