<?xml version="1.0" encoding="UTF-8"?>
<!-- Generated by org.testng.reporters.JUnitReportReporter -->
<testsuite hostname="CSCINDAE717559" name="testCases.Framework_001" tests="1" failures="0" timestamp="28 Aug 2016 11:58:46 GMT" time="41.480" errors="0">
  <testcase name="main" time="41.480" classname="testCases.Framework_001"/>
</testsuite> <!-- testCases.Framework_001 -->
